[29-Feb-2024 11:00:32 UTC] PHP Warning:  Attempt to read property "title" on null in D:\OSPanel\domains\Alcozer\wp-includes\class-wp-customize-widgets.php on line 905
[29-Feb-2024 11:04:09 UTC] PHP Warning:  Undefined array key "position" in D:\OSPanel\domains\Alcozer\wp-includes\customize\class-wp-customize-nav-menu-item-setting.php on line 695
[29-Feb-2024 11:04:09 UTC] PHP Warning:  Undefined array key "position" in D:\OSPanel\domains\Alcozer\wp-includes\customize\class-wp-customize-nav-menu-item-setting.php on line 695
[29-Feb-2024 11:04:09 UTC] PHP Warning:  Undefined array key "position" in D:\OSPanel\domains\Alcozer\wp-includes\customize\class-wp-customize-nav-menu-item-setting.php on line 695
[29-Feb-2024 11:04:09 UTC] PHP Warning:  Undefined array key "position" in D:\OSPanel\domains\Alcozer\wp-includes\customize\class-wp-customize-nav-menu-item-setting.php on line 695
[29-Feb-2024 11:04:09 UTC] PHP Warning:  Undefined array key "position" in D:\OSPanel\domains\Alcozer\wp-includes\customize\class-wp-customize-nav-menu-item-setting.php on line 695
[29-Feb-2024 11:04:09 UTC] PHP Warning:  Undefined array key "position" in D:\OSPanel\domains\Alcozer\wp-includes\customize\class-wp-customize-nav-menu-item-setting.php on line 695
[29-Feb-2024 11:04:09 UTC] PHP Warning:  Undefined array key "position" in D:\OSPanel\domains\Alcozer\wp-includes\customize\class-wp-customize-nav-menu-item-setting.php on line 695
[29-Feb-2024 11:04:09 UTC] PHP Warning:  Undefined array key "position" in D:\OSPanel\domains\Alcozer\wp-includes\customize\class-wp-customize-nav-menu-item-setting.php on line 695
[29-Feb-2024 11:04:09 UTC] PHP Warning:  Undefined array key "position" in D:\OSPanel\domains\Alcozer\wp-includes\customize\class-wp-customize-nav-menu-item-setting.php on line 695
[29-Feb-2024 11:04:09 UTC] PHP Warning:  Undefined array key "position" in D:\OSPanel\domains\Alcozer\wp-includes\customize\class-wp-customize-nav-menu-item-setting.php on line 695
[29-Feb-2024 11:04:09 UTC] PHP Warning:  Undefined array key "position" in D:\OSPanel\domains\Alcozer\wp-includes\customize\class-wp-customize-nav-menu-item-setting.php on line 695
[29-Feb-2024 11:04:09 UTC] PHP Warning:  Undefined array key "position" in D:\OSPanel\domains\Alcozer\wp-includes\customize\class-wp-customize-nav-menu-item-setting.php on line 695
[29-Feb-2024 11:04:09 UTC] PHP Warning:  Undefined array key "position" in D:\OSPanel\domains\Alcozer\wp-includes\customize\class-wp-customize-nav-menu-item-setting.php on line 695
[29-Feb-2024 11:04:09 UTC] PHP Warning:  Undefined array key "position" in D:\OSPanel\domains\Alcozer\wp-includes\customize\class-wp-customize-nav-menu-item-setting.php on line 695
[29-Feb-2024 11:04:09 UTC] PHP Warning:  Undefined array key "position" in D:\OSPanel\domains\Alcozer\wp-includes\customize\class-wp-customize-nav-menu-item-setting.php on line 695
[29-Feb-2024 11:04:09 UTC] PHP Warning:  Undefined array key "position" in D:\OSPanel\domains\Alcozer\wp-includes\customize\class-wp-customize-nav-menu-item-setting.php on line 695
[29-Feb-2024 11:04:09 UTC] PHP Warning:  Undefined array key "position" in D:\OSPanel\domains\Alcozer\wp-includes\customize\class-wp-customize-nav-menu-item-setting.php on line 695
[29-Feb-2024 11:04:20 UTC] PHP Warning:  Undefined array key "position" in D:\OSPanel\domains\Alcozer\wp-includes\customize\class-wp-customize-nav-menu-item-setting.php on line 695
[29-Feb-2024 11:04:20 UTC] PHP Warning:  Undefined array key "position" in D:\OSPanel\domains\Alcozer\wp-includes\customize\class-wp-customize-nav-menu-item-setting.php on line 695
[29-Feb-2024 11:04:20 UTC] PHP Warning:  Undefined array key "position" in D:\OSPanel\domains\Alcozer\wp-includes\customize\class-wp-customize-nav-menu-item-setting.php on line 695
[29-Feb-2024 11:04:20 UTC] PHP Warning:  Undefined array key "position" in D:\OSPanel\domains\Alcozer\wp-includes\customize\class-wp-customize-nav-menu-item-setting.php on line 695
[29-Feb-2024 11:04:20 UTC] PHP Warning:  Undefined array key "position" in D:\OSPanel\domains\Alcozer\wp-includes\customize\class-wp-customize-nav-menu-item-setting.php on line 695
[29-Feb-2024 11:04:20 UTC] PHP Warning:  Undefined array key "position" in D:\OSPanel\domains\Alcozer\wp-includes\customize\class-wp-customize-nav-menu-item-setting.php on line 695
[29-Feb-2024 11:04:20 UTC] PHP Warning:  Undefined array key "position" in D:\OSPanel\domains\Alcozer\wp-includes\customize\class-wp-customize-nav-menu-item-setting.php on line 695
[29-Feb-2024 11:04:20 UTC] PHP Warning:  Undefined array key "position" in D:\OSPanel\domains\Alcozer\wp-includes\customize\class-wp-customize-nav-menu-item-setting.php on line 695
[29-Feb-2024 11:04:20 UTC] PHP Warning:  Undefined array key "position" in D:\OSPanel\domains\Alcozer\wp-includes\customize\class-wp-customize-nav-menu-item-setting.php on line 695
[29-Feb-2024 11:04:20 UTC] PHP Warning:  Undefined array key "position" in D:\OSPanel\domains\Alcozer\wp-includes\customize\class-wp-customize-nav-menu-item-setting.php on line 695
[29-Feb-2024 11:04:20 UTC] PHP Warning:  Undefined array key "position" in D:\OSPanel\domains\Alcozer\wp-includes\customize\class-wp-customize-nav-menu-item-setting.php on line 695
[29-Feb-2024 11:04:20 UTC] PHP Warning:  Undefined array key "position" in D:\OSPanel\domains\Alcozer\wp-includes\customize\class-wp-customize-nav-menu-item-setting.php on line 695
[29-Feb-2024 11:04:20 UTC] PHP Warning:  Undefined array key "position" in D:\OSPanel\domains\Alcozer\wp-includes\customize\class-wp-customize-nav-menu-item-setting.php on line 695
[29-Feb-2024 11:04:20 UTC] PHP Warning:  Undefined array key "position" in D:\OSPanel\domains\Alcozer\wp-includes\customize\class-wp-customize-nav-menu-item-setting.php on line 695
[29-Feb-2024 11:04:20 UTC] PHP Warning:  Undefined array key "position" in D:\OSPanel\domains\Alcozer\wp-includes\customize\class-wp-customize-nav-menu-item-setting.php on line 695
[29-Feb-2024 11:04:20 UTC] PHP Warning:  Undefined array key "position" in D:\OSPanel\domains\Alcozer\wp-includes\customize\class-wp-customize-nav-menu-item-setting.php on line 695
[29-Feb-2024 11:04:20 UTC] PHP Warning:  Undefined array key "position" in D:\OSPanel\domains\Alcozer\wp-includes\customize\class-wp-customize-nav-menu-item-setting.php on line 695
[29-Feb-2024 11:04:56 UTC] PHP Warning:  Undefined array key "position" in D:\OSPanel\domains\Alcozer\wp-includes\customize\class-wp-customize-nav-menu-item-setting.php on line 695
[29-Feb-2024 11:04:56 UTC] PHP Warning:  Undefined array key "position" in D:\OSPanel\domains\Alcozer\wp-includes\customize\class-wp-customize-nav-menu-item-setting.php on line 695
[29-Feb-2024 11:04:56 UTC] PHP Warning:  Undefined array key "position" in D:\OSPanel\domains\Alcozer\wp-includes\customize\class-wp-customize-nav-menu-item-setting.php on line 695
[29-Feb-2024 11:04:56 UTC] PHP Warning:  Undefined array key "position" in D:\OSPanel\domains\Alcozer\wp-includes\customize\class-wp-customize-nav-menu-item-setting.php on line 695
[29-Feb-2024 11:04:56 UTC] PHP Warning:  Undefined array key "position" in D:\OSPanel\domains\Alcozer\wp-includes\customize\class-wp-customize-nav-menu-item-setting.php on line 695
[29-Feb-2024 11:04:56 UTC] PHP Warning:  Undefined array key "position" in D:\OSPanel\domains\Alcozer\wp-includes\customize\class-wp-customize-nav-menu-item-setting.php on line 695
[29-Feb-2024 11:04:56 UTC] PHP Warning:  Undefined array key "position" in D:\OSPanel\domains\Alcozer\wp-includes\customize\class-wp-customize-nav-menu-item-setting.php on line 695
[29-Feb-2024 11:04:56 UTC] PHP Warning:  Undefined array key "position" in D:\OSPanel\domains\Alcozer\wp-includes\customize\class-wp-customize-nav-menu-item-setting.php on line 695
[29-Feb-2024 11:04:56 UTC] PHP Warning:  Undefined array key "position" in D:\OSPanel\domains\Alcozer\wp-includes\customize\class-wp-customize-nav-menu-item-setting.php on line 695
[29-Feb-2024 11:04:56 UTC] PHP Warning:  Undefined array key "position" in D:\OSPanel\domains\Alcozer\wp-includes\customize\class-wp-customize-nav-menu-item-setting.php on line 695
[29-Feb-2024 11:04:56 UTC] PHP Warning:  Undefined array key "position" in D:\OSPanel\domains\Alcozer\wp-includes\customize\class-wp-customize-nav-menu-item-setting.php on line 695
[29-Feb-2024 11:04:56 UTC] PHP Warning:  Undefined array key "position" in D:\OSPanel\domains\Alcozer\wp-includes\customize\class-wp-customize-nav-menu-item-setting.php on line 695
[29-Feb-2024 11:04:56 UTC] PHP Warning:  Undefined array key "position" in D:\OSPanel\domains\Alcozer\wp-includes\customize\class-wp-customize-nav-menu-item-setting.php on line 695
[29-Feb-2024 11:04:56 UTC] PHP Warning:  Undefined array key "position" in D:\OSPanel\domains\Alcozer\wp-includes\customize\class-wp-customize-nav-menu-item-setting.php on line 695
[29-Feb-2024 11:04:56 UTC] PHP Warning:  Undefined array key "position" in D:\OSPanel\domains\Alcozer\wp-includes\customize\class-wp-customize-nav-menu-item-setting.php on line 695
[29-Feb-2024 11:04:56 UTC] PHP Warning:  Undefined array key "position" in D:\OSPanel\domains\Alcozer\wp-includes\customize\class-wp-customize-nav-menu-item-setting.php on line 695
[29-Feb-2024 11:04:56 UTC] PHP Warning:  Undefined array key "position" in D:\OSPanel\domains\Alcozer\wp-includes\customize\class-wp-customize-nav-menu-item-setting.php on line 695
[29-Feb-2024 11:09:17 UTC] PHP Warning:  Attempt to read property "title" on null in D:\OSPanel\domains\Alcozer\wp-includes\class-wp-customize-widgets.php on line 905
[29-Feb-2024 11:22:56 UTC] PHP Warning:  preg_replace(): Unknown modifier '/' in D:\OSPanel\domains\Alcozer\wp-content\themes\Alcozer-theme\functions.php on line 123
[29-Feb-2024 11:22:56 UTC] PHP Warning:  preg_replace(): Unknown modifier '/' in D:\OSPanel\domains\Alcozer\wp-content\themes\Alcozer-theme\functions.php on line 123
[29-Feb-2024 11:23:00 UTC] PHP Warning:  preg_replace(): Unknown modifier '/' in D:\OSPanel\domains\Alcozer\wp-content\themes\Alcozer-theme\functions.php on line 123
[29-Feb-2024 11:23:00 UTC] PHP Warning:  preg_replace(): Unknown modifier '/' in D:\OSPanel\domains\Alcozer\wp-content\themes\Alcozer-theme\functions.php on line 123
[29-Feb-2024 11:23:02 UTC] PHP Warning:  preg_replace(): Unknown modifier '/' in D:\OSPanel\domains\Alcozer\wp-content\themes\Alcozer-theme\functions.php on line 123
[29-Feb-2024 11:23:02 UTC] PHP Warning:  preg_replace(): Unknown modifier '/' in D:\OSPanel\domains\Alcozer\wp-content\themes\Alcozer-theme\functions.php on line 123
[29-Feb-2024 11:52:06 UTC] PHP Warning:  Attempt to read property "title" on null in D:\OSPanel\domains\Alcozer\wp-includes\class-wp-customize-widgets.php on line 905
[29-Feb-2024 11:54:28 UTC] PHP Warning:  Attempt to read property "title" on null in D:\OSPanel\domains\Alcozer\wp-includes\class-wp-customize-widgets.php on line 905
[29-Feb-2024 11:56:18 UTC] PHP Warning:  Attempt to read property "title" on null in D:\OSPanel\domains\Alcozer\wp-includes\class-wp-customize-widgets.php on line 905
[29-Feb-2024 12:42:47 UTC] PHP Warning:  Attempt to read property "title" on null in D:\OSPanel\domains\Alcozer\wp-includes\class-wp-customize-widgets.php on line 905
[29-Feb-2024 12:51:22 UTC] PHP Warning:  Undefined array key "product_title" in D:\OSPanel\domains\Alcozer\wp-content\themes\Alcozer-theme\single-post.php on line 59
[29-Feb-2024 12:51:22 UTC] PHP Warning:  Undefined array key "product_title" in D:\OSPanel\domains\Alcozer\wp-content\themes\Alcozer-theme\single-post.php on line 59
[29-Feb-2024 12:51:22 UTC] PHP Warning:  Undefined array key "product_title" in D:\OSPanel\domains\Alcozer\wp-content\themes\Alcozer-theme\single-post.php on line 59
[29-Feb-2024 12:51:22 UTC] PHP Warning:  Undefined array key "product_title" in D:\OSPanel\domains\Alcozer\wp-content\themes\Alcozer-theme\single-post.php on line 59
[29-Feb-2024 12:51:37 UTC] PHP Warning:  Array to string conversion in D:\OSPanel\domains\Alcozer\wp-content\themes\Alcozer-theme\single-post.php on line 59
[29-Feb-2024 12:51:37 UTC] PHP Warning:  Array to string conversion in D:\OSPanel\domains\Alcozer\wp-content\themes\Alcozer-theme\single-post.php on line 59
[29-Feb-2024 12:51:37 UTC] PHP Warning:  Array to string conversion in D:\OSPanel\domains\Alcozer\wp-content\themes\Alcozer-theme\single-post.php on line 59
[29-Feb-2024 12:51:37 UTC] PHP Warning:  Array to string conversion in D:\OSPanel\domains\Alcozer\wp-content\themes\Alcozer-theme\single-post.php on line 59
[29-Feb-2024 12:51:45 UTC] PHP Warning:  Undefined array key 0 in D:\OSPanel\domains\Alcozer\wp-content\themes\Alcozer-theme\single-post.php on line 59
[29-Feb-2024 12:51:45 UTC] PHP Warning:  Undefined array key 0 in D:\OSPanel\domains\Alcozer\wp-content\themes\Alcozer-theme\single-post.php on line 59
[29-Feb-2024 12:51:45 UTC] PHP Warning:  Undefined array key 0 in D:\OSPanel\domains\Alcozer\wp-content\themes\Alcozer-theme\single-post.php on line 59
[29-Feb-2024 12:51:45 UTC] PHP Warning:  Undefined array key 0 in D:\OSPanel\domains\Alcozer\wp-content\themes\Alcozer-theme\single-post.php on line 59
[29-Feb-2024 12:51:56 UTC] PHP Warning:  Undefined array key "product" in D:\OSPanel\domains\Alcozer\wp-content\themes\Alcozer-theme\single-post.php on line 59
[29-Feb-2024 12:51:56 UTC] PHP Warning:  Undefined array key "product" in D:\OSPanel\domains\Alcozer\wp-content\themes\Alcozer-theme\single-post.php on line 59
[29-Feb-2024 12:51:56 UTC] PHP Warning:  Undefined array key "product" in D:\OSPanel\domains\Alcozer\wp-content\themes\Alcozer-theme\single-post.php on line 59
[29-Feb-2024 12:51:56 UTC] PHP Warning:  Undefined array key "product" in D:\OSPanel\domains\Alcozer\wp-content\themes\Alcozer-theme\single-post.php on line 59
[29-Feb-2024 12:54:50 UTC] PHP Warning:  Undefined array key "product_alt" in D:\OSPanel\domains\Alcozer\wp-content\themes\Alcozer-theme\single-post.php on line 59
[29-Feb-2024 12:54:50 UTC] PHP Warning:  Undefined array key "product_alt" in D:\OSPanel\domains\Alcozer\wp-content\themes\Alcozer-theme\single-post.php on line 59
[29-Feb-2024 12:54:50 UTC] PHP Warning:  Undefined array key "product_alt" in D:\OSPanel\domains\Alcozer\wp-content\themes\Alcozer-theme\single-post.php on line 59
[29-Feb-2024 12:54:50 UTC] PHP Warning:  Undefined array key "product_alt" in D:\OSPanel\domains\Alcozer\wp-content\themes\Alcozer-theme\single-post.php on line 59
[29-Feb-2024 13:03:01 UTC] PHP Warning:  foreach() argument must be of type array|object, null given in D:\OSPanel\domains\Alcozer\wp-content\themes\Alcozer-theme\single-post.php on line 54
[29-Feb-2024 13:09:00 UTC] PHP Warning:  foreach() argument must be of type array|object, null given in D:\OSPanel\domains\Alcozer\wp-content\themes\Alcozer-theme\single-post.php on line 54
[29-Feb-2024 13:09:25 UTC] PHP Warning:  Attempt to read property "title" on null in D:\OSPanel\domains\Alcozer\wp-includes\class-wp-customize-widgets.php on line 905
[29-Feb-2024 13:09:26 UTC] PHP Warning:  foreach() argument must be of type array|object, null given in D:\OSPanel\domains\Alcozer\wp-content\themes\Alcozer-theme\single-post.php on line 54
[29-Feb-2024 13:09:41 UTC] PHP Warning:  foreach() argument must be of type array|object, null given in D:\OSPanel\domains\Alcozer\wp-content\themes\Alcozer-theme\single-post.php on line 54
[29-Feb-2024 13:14:49 UTC] PHP Warning:  foreach() argument must be of type array|object, null given in D:\OSPanel\domains\Alcozer\wp-content\themes\Alcozer-theme\single-post.php on line 54
[29-Feb-2024 13:24:10 UTC] PHP Warning:  foreach() argument must be of type array|object, null given in D:\OSPanel\domains\Alcozer\wp-content\themes\Alcozer-theme\single-post.php on line 54
[29-Feb-2024 13:28:39 UTC] PHP Warning:  Attempt to read property "title" on null in D:\OSPanel\domains\Alcozer\wp-includes\class-wp-customize-widgets.php on line 905
[29-Feb-2024 13:29:27 UTC] PHP Fatal error:  Uncaught Error: Call to undefined function get_home_path() in D:\OSPanel\domains\Alcozer\wp-content\themes\Alcozer-theme\header.php:30
Stack trace:
#0 D:\OSPanel\domains\Alcozer\wp-includes\template.php(790): require_once()
#1 D:\OSPanel\domains\Alcozer\wp-includes\template.php(725): load_template()
#2 D:\OSPanel\domains\Alcozer\wp-includes\general-template.php(48): locate_template()
#3 D:\OSPanel\domains\Alcozer\wp-content\themes\Alcozer-theme\single-post.php(9): get_header()
#4 D:\OSPanel\domains\Alcozer\wp-includes\template-loader.php(106): include('D:\\OSPanel\\doma...')
#5 D:\OSPanel\domains\Alcozer\wp-blog-header.php(19): require_once('D:\\OSPanel\\doma...')
#6 D:\OSPanel\domains\Alcozer\index.php(17): require('D:\\OSPanel\\doma...')
#7 {main}
  thrown in D:\OSPanel\domains\Alcozer\wp-content\themes\Alcozer-theme\header.php on line 30
[29-Feb-2024 14:51:02 UTC] PHP Deprecated:  Функция wp_update_https_detection_errors с версии 6.4.0 считается устаревшей. Альтернативы не предусмотрено. in D:\OSPanel\domains\Alcozer\wp-includes\functions.php on line 6031
[29-Feb-2024 15:29:07 UTC] PHP Warning:  foreach() argument must be of type array|object, null given in D:\OSPanel\domains\Alcozer\wp-content\themes\Alcozer-theme\single-post.php on line 54
[29-Feb-2024 15:31:01 UTC] PHP Warning:  foreach() argument must be of type array|object, null given in D:\OSPanel\domains\Alcozer\wp-content\themes\Alcozer-theme\single-post.php on line 54
[29-Feb-2024 15:53:55 UTC] PHP Warning:  foreach() argument must be of type array|object, null given in D:\OSPanel\domains\Alcozer\wp-content\themes\Alcozer-theme\single-post.php on line 54
[29-Feb-2024 15:54:00 UTC] PHP Warning:  foreach() argument must be of type array|object, null given in D:\OSPanel\domains\Alcozer\wp-content\themes\Alcozer-theme\single-post.php on line 54
[29-Feb-2024 15:57:34 UTC] PHP Warning:  foreach() argument must be of type array|object, null given in D:\OSPanel\domains\Alcozer\wp-content\themes\Alcozer-theme\single-post.php on line 54
[29-Feb-2024 16:02:26 UTC] PHP Warning:  foreach() argument must be of type array|object, null given in D:\OSPanel\domains\Alcozer\wp-content\themes\Alcozer-theme\single-post.php on line 54
[29-Feb-2024 16:03:36 UTC] PHP Warning:  foreach() argument must be of type array|object, null given in D:\OSPanel\domains\Alcozer\wp-content\themes\Alcozer-theme\single-post.php on line 54
[29-Feb-2024 16:38:09 UTC] PHP Warning:  foreach() argument must be of type array|object, null given in D:\OSPanel\domains\Alcozer\wp-content\themes\Alcozer-theme\single-post.php on line 54
[29-Feb-2024 17:20:06 UTC] PHP Warning:  foreach() argument must be of type array|object, null given in D:\OSPanel\domains\Alcozer\wp-content\themes\Alcozer-theme\single-post.php on line 54
